[0.508s] Invoking command in '/home/wook/ros2/ros2_ws/build/osr_gazebo': CMAKE_PREFIX_PATH=/opt/ros/humble /usr/bin/cmake /home/wook/ros2/ros2_ws/src/osr-rover-code/ROS/osr_gazebo -DCMAKE_INSTALL_PREFIX=/home/wook/ros2/ros2_ws/install/osr_gazebo
[0.760s] -- The C compiler identification is GNU 11.4.0
[0.859s] -- The CXX compiler identification is GNU 11.4.0
[0.868s] -- Detecting C compiler ABI info
[1.100s] -- Detecting C compiler ABI info - done
[1.116s] -- Check for working C compiler: /usr/bin/cc - skipped
[1.116s] -- Detecting C compile features
[1.116s] -- Detecting C compile features - done
[1.119s] -- Detecting CXX compiler ABI info
[1.314s] -- Detecting CXX compiler ABI info - done
[1.327s] -- Check for working CXX compiler: /usr/bin/c++ - skipped
[1.327s] -- Detecting CXX compile features
[1.330s] -- Detecting CXX compile features - done
[1.337s] -- Found ament_cmake: 1.3.11 (/opt/ros/humble/share/ament_cmake/cmake)
[1.614s] -- Found Python3: /usr/bin/python3 (found version "3.10.12") found components: Interpreter 
[1.701s] -- Found control_msgs: 4.8.0 (/opt/ros/humble/share/control_msgs/cmake)
[1.739s] -- Found rosidl_generator_c: 3.1.6 (/opt/ros/humble/share/rosidl_generator_c/cmake)
[1.745s] -- Found rosidl_adapter: 3.1.6 (/opt/ros/humble/share/rosidl_adapter/cmake)
[1.752s] -- Found rosidl_generator_cpp: 3.1.6 (/opt/ros/humble/share/rosidl_generator_cpp/cmake)
[1.766s] -- Using all available rosidl_typesupport_c: rosidl_typesupport_fastrtps_c;rosidl_typesupport_introspection_c
[1.782s] -- Using all available rosidl_typesupport_cpp: rosidl_typesupport_fastrtps_cpp;rosidl_typesupport_introspection_cpp
[1.914s] -- Found rclcpp: 16.0.12 (/opt/ros/humble/share/rclcpp/cmake)
[1.956s] -- Found rmw_implementation_cmake: 6.1.2 (/opt/ros/humble/share/rmw_implementation_cmake/cmake)
[1.962s] -- Found rmw_fastrtps_cpp: 6.2.7 (/opt/ros/humble/share/rmw_fastrtps_cpp/cmake)
[2.076s] -- Found OpenSSL: /usr/lib/x86_64-linux-gnu/libcrypto.so (found version "3.0.2")  
[2.110s] -- Found FastRTPS: /opt/ros/humble/include  
[2.157s] -- Using RMW implementation 'rmw_fastrtps_cpp' as default
[2.165s] -- Looking for pthread.h
[2.247s] -- Looking for pthread.h - found
[2.247s] -- Performing Test CMAKE_HAVE_LIBC_PTHREAD
[2.339s] -- Performing Test CMAKE_HAVE_LIBC_PTHREAD - Success
[2.339s] -- Found Threads: TRUE  
[2.391s] -- Found rclcpp_action: 16.0.12 (/opt/ros/humble/share/rclcpp_action/cmake)
[2.401s] -- Found nav_msgs: 4.9.0 (/opt/ros/humble/share/nav_msgs/cmake)
[2.423s] -- Found tf2_geometry_msgs: 0.25.13 (/opt/ros/humble/share/tf2_geometry_msgs/cmake)
[2.438s] -- Found eigen3_cmake_module: 0.1.1 (/opt/ros/humble/share/eigen3_cmake_module/cmake)
[2.439s] -- Found Eigen3: TRUE (found version "3.3.90") 
[2.439s] -- Ensuring Eigen3 include directory is part of orocos-kdl CMake target
[2.541s] -- Found ament_cmake_gtest: 1.3.11 (/opt/ros/humble/share/ament_cmake_gtest/cmake)
[2.679s] -- Configuring done
[2.716s] -- Generating done
[2.728s] -- Build files have been written to: /home/wook/ros2/ros2_ws/build/osr_gazebo
[2.779s] Invoked command in '/home/wook/ros2/ros2_ws/build/osr_gazebo' returned '0': CMAKE_PREFIX_PATH=/opt/ros/humble /usr/bin/cmake /home/wook/ros2/ros2_ws/src/osr-rover-code/ROS/osr_gazebo -DCMAKE_INSTALL_PREFIX=/home/wook/ros2/ros2_ws/install/osr_gazebo
[2.784s] Invoking command in '/home/wook/ros2/ros2_ws/build/osr_gazebo': CMAKE_PREFIX_PATH=/opt/ros/humble /usr/bin/cmake --build /home/wook/ros2/ros2_ws/build/osr_gazebo -- -j32 -l32
[3.521s] [ 50%] [32mBuilding CXX object CMakeFiles/osr_controller.dir/src/osr_controller.cpp.o[0m
[3.522s] [01m[K/home/wook/ros2/ros2_ws/src/osr-rover-code/ROS/osr_gazebo/src/osr_controller.cpp:13:10:[m[K [01;31m[Kfatal error: [m[Ktf2_geometry_msgs/tf2_geometry_msgs/tf2_geometry_msgs.hpp: No such file or directory
[3.522s]    13 | #include [01;31m[K"tf2_geometry_msgs/tf2_geometry_msgs/tf2_geometry_msgs.hpp"[m[K
[3.523s]       |          [01;31m[K^~~~~~~~~~~~~~~~~~~~~~~~~~~~~~~~~~~~~~~~~~~~~~~~~~~~~~~~~~~[m[K
[3.523s] compilation terminated.
[3.523s] gmake[2]: *** [CMakeFiles/osr_controller.dir/build.make:76: CMakeFiles/osr_controller.dir/src/osr_controller.cpp.o] Error 1
[3.523s] gmake[1]: *** [CMakeFiles/Makefile2:137: CMakeFiles/osr_controller.dir/all] Error 2
[3.523s] gmake: *** [Makefile:146: all] Error 2
[3.540s] Invoked command in '/home/wook/ros2/ros2_ws/build/osr_gazebo' returned '2': CMAKE_PREFIX_PATH=/opt/ros/humble /usr/bin/cmake --build /home/wook/ros2/ros2_ws/build/osr_gazebo -- -j32 -l32
