[35m[1mConsolidate compiler generated dependencies of target adapter_node[0m
[ 50%] [32mBuilding CXX object CMakeFiles/adapter_node.dir/src/pointcloud_adapter.cpp.o[0m
[01m[K/home/wook/ros2/ros2_ws/src/autonomy_stack_diablo_setup/src/slam/pointcloud_adapter/src/pointcloud_adapter.cpp:[m[K In member function â€˜[01m[Kvoid PointCloudAdapter::cloud_callback(sensor_msgs::msg::PointCloud2_<std::allocator<void> >::SharedPtr)[m[Kâ€™:
[01m[K/home/wook/ros2/ros2_ws/src/autonomy_stack_diablo_setup/src/slam/pointcloud_adapter/src/pointcloud_adapter.cpp:64:45:[m[K [01;31m[Kerror: [m[Kâ€˜[01m[Kcloud_rgb[m[Kâ€™ was not declared in this scope; did you mean â€˜[01m[Kcloud_xyz[m[Kâ€™?
   64 |         cloud_with_intensity->points.resize([01;31m[Kcloud_rgb[m[K->points.size());
      |                                             [01;31m[K^~~~~~~~~[m[K
      |                                             [32m[Kcloud_xyz[m[K
gmake[2]: *** [CMakeFiles/adapter_node.dir/build.make:76: CMakeFiles/adapter_node.dir/src/pointcloud_adapter.cpp.o] Error 1
gmake[1]: *** [CMakeFiles/Makefile2:137: CMakeFiles/adapter_node.dir/all] Error 2
gmake: *** [Makefile:146: all] Error 2
