[0.011s] Invoking command in '/home/wook/ros2/ros2_ws/build/pointcloud_adapter': CMAKE_PREFIX_PATH=${CMAKE_PREFIX_PATH}:/home/wook/ros2/ros2_ws/install/ros_tcp_endpoint:/home/wook/ros2/ros2_ws/install/osr_control:/home/wook/ros2/ros2_ws/install/diablo_teleop:/home/wook/ros2/ros2_ws/install/ception_msgs:/opt/ros/humble /usr/bin/cmake --build /home/wook/ros2/ros2_ws/build/pointcloud_adapter -- -j32 -l32
[0.058s] [35m[1mConsolidate compiler generated dependencies of target adapter_node[0m
[0.081s] [ 50%] [32mBuilding CXX object CMakeFiles/adapter_node.dir/src/pointcloud_adapter.cpp.o[0m
[3.421s] [01m[K/home/wook/ros2/ros2_ws/src/autonomy_stack_diablo_setup/src/slam/pointcloud_adapter/src/pointcloud_adapter.cpp:[m[K In constructor â€˜[01m[KPointCloudAdapter::PointCloudAdapter()[m[Kâ€™:
[3.421s] [01m[K/home/wook/ros2/ros2_ws/src/autonomy_stack_diablo_setup/src/slam/pointcloud_adapter/src/pointcloud_adapter.cpp:27:9:[m[K [01;31m[Kerror: [m[Kâ€˜[01m[Kvoxel_filter_[m[Kâ€™ was not declared in this scope
[3.421s]    27 |         [01;31m[Kvoxel_filter_[m[K.setLeafSize(leaf_size, leaf_size, leaf_size);
[3.421s]       |         [01;31m[K^~~~~~~~~~~~~[m[K
[3.445s] [01m[K/home/wook/ros2/ros2_ws/src/autonomy_stack_diablo_setup/src/slam/pointcloud_adapter/src/pointcloud_adapter.cpp:[m[K In member function â€˜[01m[Kvoid PointCloudAdapter::cloud_callback(sensor_msgs::msg::PointCloud2_<std::allocator<void> >::SharedPtr)[m[Kâ€™:
[3.445s] [01m[K/home/wook/ros2/ros2_ws/src/autonomy_stack_diablo_setup/src/slam/pointcloud_adapter/src/pointcloud_adapter.cpp:79:30:[m[K [01;31m[Kerror: [m[Kâ€˜[01m[Kcloud_filtered[m[Kâ€™ was not declared in this scope
[3.445s]    79 |         pcl::copyPointCloud(*[01;31m[Kcloud_filtered[m[K, *cloud_with_intensity);
[3.445s]       |                              [01;31m[K^~~~~~~~~~~~~~[m[K
[5.768s] gmake[2]: *** [CMakeFiles/adapter_node.dir/build.make:76: CMakeFiles/adapter_node.dir/src/pointcloud_adapter.cpp.o] Error 1
[5.768s] gmake[1]: *** [CMakeFiles/Makefile2:137: CMakeFiles/adapter_node.dir/all] Error 2
[5.769s] gmake: *** [Makefile:146: all] Error 2
[5.771s] Invoked command in '/home/wook/ros2/ros2_ws/build/pointcloud_adapter' returned '2': CMAKE_PREFIX_PATH=${CMAKE_PREFIX_PATH}:/home/wook/ros2/ros2_ws/install/ros_tcp_endpoint:/home/wook/ros2/ros2_ws/install/osr_control:/home/wook/ros2/ros2_ws/install/diablo_teleop:/home/wook/ros2/ros2_ws/install/ception_msgs:/opt/ros/humble /usr/bin/cmake --build /home/wook/ros2/ros2_ws/build/pointcloud_adapter -- -j32 -l32
