[0.008s] Invoking command in '/home/wook/ros2/ros2_ws/build/pointcloud_adapter': CMAKE_PREFIX_PATH=/opt/ros/humble /usr/bin/cmake --build /home/wook/ros2/ros2_ws/build/pointcloud_adapter -- -j32 -l32
[0.076s] [35m[1mConsolidate compiler generated dependencies of target adapter_node[0m
[0.136s] [ 50%] [32mBuilding CXX object CMakeFiles/adapter_node.dir/src/pointcloud_adapter.cpp.o[0m
[3.203s] [01m[K/home/wook/ros2/ros2_ws/src/autonomy_stack_diablo_setup/src/slam/pointcloud_adapter/src/pointcloud_adapter.cpp:[m[K In constructor â€˜[01m[KPointCloudAdapter::PointCloudAdapter()[m[Kâ€™:
[3.203s] [01m[K/home/wook/ros2/ros2_ws/src/autonomy_stack_diablo_setup/src/slam/pointcloud_adapter/src/pointcloud_adapter.cpp:30:31:[m[K [01;31m[Kerror: [m[Kparse error in template argument list
[3.203s]    30 |         subscription_ = this->[01;31m[Kcreate_subscription<sensor_msgs::msg/PointCloud2>[m[K(
[3.203s]       |                               [01;31m[K^~~~~~~~~~~~~~~~~~~~~~~~~~~~~~~~~~~~~~~~~~~~~~~~~[m[K
[3.205s] [01m[K/home/wook/ros2/ros2_ws/src/autonomy_stack_diablo_setup/src/slam/pointcloud_adapter/src/pointcloud_adapter.cpp:30:80:[m[K [01;31m[Kerror: [m[Kno matching function for call to â€˜[01m[KPointCloudAdapter::create_subscription<<expression error> >(const char [32], int, std::_Bind_helper<false, void (PointCloudAdapter::*)(std::shared_ptr<sensor_msgs::msg::PointCloud2_<std::allocator<void> > >), PointCloudAdapter*, const std::_Placeholder<1>&>::type)[m[Kâ€™
[3.205s]    30 | ubscription_ = [01;31m[Kthis->create_subscription<sensor_msgs::msg/PointCloud2>([m[K
[3.205s]       |                [01;31m[K~~~~~~~~~~~~~~~~~~~~~~~~~~~~~~~~~~~~~~~~~~~~~~~~~~~~~~~^[m[K
[3.205s] 
[3.205s]    31 | [01;31m[K   "/camera/depth_registered/points", 10, // <--- å»ºè®®è®¢é˜…è¿™ä¸ªï¼Œå®ƒé€šå¸¸æ˜¯é…å‡†å¥½çš„[m[K
[3.205s]       |    [01;31m[K~~~~~~~~~~~~~~~~~~~~~~~~~~~~~~~~~~~~~~~~~~~~~~~~~~~~~~~~~~~~~~~~~~~~~~~~~~~~~[m[K
[3.205s] 
[3.205s]    32 | [01;31m[K   std::bind(&PointCloudAdapter::cloud_callback, this, std::placeholders::_1))[m[K;
[3.205s]       |    [01;31m[K~~~~~~~~~~~~~~~~~~~~~~~~~~~~~~~~~~~~~~~~~~~~~~~~~~~~~~~~~~~~~~~~~~~~~~~~~~~[m[K
[3.205s] 
[3.212s] In file included from [01m[K/opt/ros/humble/include/rclcpp/rclcpp/executors/single_threaded_executor.hpp:28[m[K,
[3.212s]                  from [01m[K/opt/ros/humble/include/rclcpp/rclcpp/executors.hpp:22[m[K,
[3.212s]                  from [01m[K/opt/ros/humble/include/rclcpp/rclcpp/rclcpp.hpp:155[m[K,
[3.212s]                  from [01m[K/home/wook/ros2/ros2_ws/src/autonomy_stack_diablo_setup/src/slam/pointcloud_adapter/src/pointcloud_adapter.cpp:2[m[K:
[3.212s] [01m[K/opt/ros/humble/include/rclcpp/rclcpp/node.hpp:219:3:[m[K [01;36m[Knote: [m[Kcandidate: â€˜[01m[Ktemplate<class MessageT, class CallbackT, class AllocatorT, class SubscriptionT, class MessageMemoryStrategyT> std::shared_ptr<ROSMessageT> rclcpp::Node::create_subscription(const string&, const rclcpp::QoS&, CallbackT&&, const rclcpp::SubscriptionOptionsWithAllocator<AllocatorT>&, typename MessageMemoryStrategyT::SharedPtr)[m[Kâ€™
[3.212s]   219 |   [01;36m[Kcreate_subscription[m[K(
[3.213s]       |   [01;36m[K^~~~~~~~~~~~~~~~~~~[m[K
[3.213s] [01m[K/opt/ros/humble/include/rclcpp/rclcpp/node.hpp:219:3:[m[K [01;36m[Knote: [m[K  template argument deduction/substitution failed:
[3.213s] [01m[K/home/wook/ros2/ros2_ws/src/autonomy_stack_diablo_setup/src/slam/pointcloud_adapter/src/pointcloud_adapter.cpp:30:80:[m[K [01;31m[Kerror: [m[Ktemplate argument 1 is invalid
[3.213s]    30 | ubscription_ = [01;31m[Kthis->create_subscription<sensor_msgs::msg/PointCloud2>([m[K
[3.213s]       |                [01;31m[K~~~~~~~~~~~~~~~~~~~~~~~~~~~~~~~~~~~~~~~~~~~~~~~~~~~~~~~^[m[K
[3.213s] 
[3.213s]    31 | [01;31m[K   "/camera/depth_registered/points", 10, // <--- å»ºè®®è®¢é˜…è¿™ä¸ªï¼Œå®ƒé€šå¸¸æ˜¯é…å‡†å¥½çš„[m[K
[3.213s]       |    [01;31m[K~~~~~~~~~~~~~~~~~~~~~~~~~~~~~~~~~~~~~~~~~~~~~~~~~~~~~~~~~~~~~~~~~~~~~~~~~~~~~[m[K
[3.213s] 
[3.213s]    32 | [01;31m[K   std::bind(&PointCloudAdapter::cloud_callback, this, std::placeholders::_1))[m[K;
[3.213s]       |    [01;31m[K~~~~~~~~~~~~~~~~~~~~~~~~~~~~~~~~~~~~~~~~~~~~~~~~~~~~~~~~~~~~~~~~~~~~~~~~~~~[m[K
[3.213s] 
[4.019s] gmake[2]: *** [CMakeFiles/adapter_node.dir/build.make:76: CMakeFiles/adapter_node.dir/src/pointcloud_adapter.cpp.o] Error 1
[4.020s] gmake[1]: *** [CMakeFiles/Makefile2:137: CMakeFiles/adapter_node.dir/all] Error 2
[4.020s] gmake: *** [Makefile:146: all] Error 2
[4.022s] Invoked command in '/home/wook/ros2/ros2_ws/build/pointcloud_adapter' returned '2': CMAKE_PREFIX_PATH=/opt/ros/humble /usr/bin/cmake --build /home/wook/ros2/ros2_ws/build/pointcloud_adapter -- -j32 -l32
