[0.010s] Invoking command in '/home/wook/ros2/ros2_ws/build/local_planner': CMAKE_PREFIX_PATH=/home/wook/ros2/ros2_ws/install/motion_msgs:/home/wook/ros2/ros2_ws/install/ception_msgs:/home/wook/ros2/ros2_ws/install/waypoint_rviz_plugin:/home/wook/ros2/ros2_ws/install/waypoint_example:/home/wook/ros2/ros2_ws/install/visualization_tools:/home/wook/ros2/ros2_ws/install/graph_decoder:/home/wook/ros2/ros2_ws/install/far_planner:/home/wook/ros2/ros2_ws/install/boundary_handler:/home/wook/ros2/ros2_ws/install/visibility_graph_msg:/home/wook/ros2/ros2_ws/install/vehicle_simulator:/home/wook/ros2/ros2_ws/install/robot_bringup:/home/wook/ros2/ros2_ws/install/terrain_analysis_ext:/home/wook/ros2/ros2_ws/install/terrain_analysis:/home/wook/ros2/ros2_ws/install/teleop_rviz_plugin_plus:/home/wook/ros2/ros2_ws/install/teleop_rviz_plugin:/home/wook/ros2/ros2_ws/install/tare_planner:/home/wook/ros2/ros2_ws/install/sensor_scan_generation:/home/wook/ros2/ros2_ws/install/pointcloud_adapter:/home/wook/ros2/ros2_ws/install/orbbec_rgb_publisher:/home/wook/ros2/ros2_ws/install/orbbec_description:/home/wook/ros2/ros2_ws/install/orbbec_camera:/home/wook/ros2/ros2_ws/install/orbbec_camera_msgs:/home/wook/ros2/ros2_ws/install/local_planner:/home/wook/ros2/ros2_ws/install/diablo_ctrl:/home/wook/ros2/ros2_ws/install/diablo_body:/home/wook/ros2/ros2_ws/install/diablo_utils:/home/wook/ros2/ros2_ws/install/diablo_teleop_joy:/home/wook/ros2/ros2_ws/install/goalpoint_rviz_plugin:/home/wook/ros2/ros2_ws/install/domain_bridge:/home/wook/ros2/ros2_ws/install/ros_tcp_endpoint:/home/wook/ros2/ros2_ws/install/diablo_teleop:/opt/ros/humble LD_LIBRARY_PATH=/home/wook/ros2/ros2_ws/install/motion_msgs/lib:/home/wook/ros2/ros2_ws/install/ception_msgs/lib:/home/wook/ros2/ros2_ws/install/visibility_graph_msg/lib:/home/wook/ros2/ros2_ws/install/orbbec_camera/lib:/home/wook/ros2/ros2_ws/install/orbbec_camera_msgs/lib:/home/wook/ros2/ros2_ws/install/diablo_body/lib:/home/wook/ros2/ros2_ws/install/diablo_utils/lib:/home/wook/ros2/ros2_ws/install/domain_bridge/lib:/home/wook/orbbec_sdk/lib:/opt/ros/humble/opt/rviz_ogre_vendor/lib:/opt/rti.com/rti_connext_dds-6.0.1/lib/x64Linux4gcc7.3.0:/opt/rti.com/rti_connext_dds-6.0.1/bin:/opt/ros/humble/lib/x86_64-linux-gnu:/opt/ros/humble/lib /usr/bin/cmake --build /home/wook/ros2/ros2_ws/build/local_planner -- -j32 -l32
[0.046s] [35m[1mConsolidate compiler generated dependencies of target pathFollower[0m
[0.060s] [ 50%] Built target localPlanner
[0.066s] [ 75%] [32mBuilding CXX object CMakeFiles/pathFollower.dir/src/pathFollower.cpp.o[0m
[1.622s] [01m[K/home/wook/ros2/ros2_ws/src/autonomy_stack_diablo_setup/src/base_autonomy/local_planner/src/pathFollower.cpp:[m[K In function â€˜[01m[Kvoid odomHandler(nav_msgs::msg::Odometry_<std::allocator<void> >::ConstSharedPtr)[m[Kâ€™:
[1.622s] [01m[K/home/wook/ros2/ros2_ws/src/autonomy_stack_diablo_setup/src/base_autonomy/local_planner/src/pathFollower.cpp:58:5:[m[K [01;31m[Kerror: [m[Kâ€˜[01m[KvehicleRoll[m[Kâ€™ was not declared in this scope
[1.622s]    58 |     [01;31m[KvehicleRoll[m[K = roll;
[1.622s]       |     [01;31m[K^~~~~~~~~~~[m[K
[1.625s] [01m[K/home/wook/ros2/ros2_ws/src/autonomy_stack_diablo_setup/src/base_autonomy/local_planner/src/pathFollower.cpp:59:5:[m[K [01;31m[Kerror: [m[Kâ€˜[01m[KvehiclePitch[m[Kâ€™ was not declared in this scope
[1.625s]    59 |     [01;31m[KvehiclePitch[m[K = pitch;
[1.625s]       |     [01;31m[K^~~~~~~~~~~~[m[K
[1.627s] [01m[K/home/wook/ros2/ros2_ws/src/autonomy_stack_diablo_setup/src/base_autonomy/local_planner/src/pathFollower.cpp:60:5:[m[K [01;31m[Kerror: [m[Kâ€˜[01m[KvehicleYaw[m[Kâ€™ was not declared in this scope; did you mean â€˜[01m[KvehicleYawRate[m[Kâ€™?
[1.627s]    60 |     [01;31m[KvehicleYaw[m[K = yaw;
[1.627s]       |     [01;31m[K^~~~~~~~~~[m[K
[1.627s]       |     [32m[KvehicleYawRate[m[K
[1.629s] [01m[K/home/wook/ros2/ros2_ws/src/autonomy_stack_diablo_setup/src/base_autonomy/local_planner/src/pathFollower.cpp:61:5:[m[K [01;31m[Kerror: [m[Kâ€˜[01m[KvehicleX[m[Kâ€™ was not declared in this scope
[1.629s]    61 |     [01;31m[KvehicleX[m[K = odomIn->pose.pose.position.x - cos(yaw) * sensorOffsetX + sin(yaw) * sensorOffsetY;
[1.629s]       |     [01;31m[K^~~~~~~~[m[K
[1.631s] [01m[K/home/wook/ros2/ros2_ws/src/autonomy_stack_diablo_setup/src/base_autonomy/local_planner/src/pathFollower.cpp:62:5:[m[K [01;31m[Kerror: [m[Kâ€˜[01m[KvehicleY[m[Kâ€™ was not declared in this scope
[1.631s]    62 |     [01;31m[KvehicleY[m[K = odomIn->pose.pose.position.y - sin(yaw) * sensorOffsetX - cos(yaw) * sensorOffsetY;
[1.631s]       |     [01;31m[K^~~~~~~~[m[K
[1.633s] [01m[K/home/wook/ros2/ros2_ws/src/autonomy_stack_diablo_setup/src/base_autonomy/local_planner/src/pathFollower.cpp:63:5:[m[K [01;31m[Kerror: [m[Kâ€˜[01m[KvehicleZ[m[Kâ€™ was not declared in this scope
[1.633s]    63 |     [01;31m[KvehicleZ[m[K = odomIn->pose.pose.position.z;
[1.633s]       |     [01;31m[K^~~~~~~~[m[K
[1.636s] [01m[K/home/wook/ros2/ros2_ws/src/autonomy_stack_diablo_setup/src/base_autonomy/local_planner/src/pathFollower.cpp:[m[K In function â€˜[01m[Kvoid pathHandler(nav_msgs::msg::Path_<std::allocator<void> >::ConstSharedPtr)[m[Kâ€™:
[1.636s] [01m[K/home/wook/ros2/ros2_ws/src/autonomy_stack_diablo_setup/src/base_autonomy/local_planner/src/pathFollower.cpp:78:5:[m[K [01;31m[Kerror: [m[Kâ€˜[01m[KvehicleXRec[m[Kâ€™ was not declared in this scope; did you mean â€˜[01m[KvehicleSpeed[m[Kâ€™?
[1.636s]    78 |     [01;31m[KvehicleXRec[m[K = vehicleX;
[1.636s]       |     [01;31m[K^~~~~~~~~~~[m[K
[1.636s]       |     [32m[KvehicleSpeed[m[K
[1.638s] [01m[K/home/wook/ros2/ros2_ws/src/autonomy_stack_diablo_setup/src/base_autonomy/local_planner/src/pathFollower.cpp:78:19:[m[K [01;31m[Kerror: [m[Kâ€˜[01m[KvehicleX[m[Kâ€™ was not declared in this scope
[1.638s]    78 |     vehicleXRec = [01;31m[KvehicleX[m[K;
[1.638s]       |                   [01;31m[K^~~~~~~~[m[K
[1.639s] [01m[K/home/wook/ros2/ros2_ws/src/autonomy_stack_diablo_setup/src/base_autonomy/local_planner/src/pathFollower.cpp:79:5:[m[K [01;31m[Kerror: [m[Kâ€˜[01m[KvehicleYRec[m[Kâ€™ was not declared in this scope; did you mean â€˜[01m[KvehicleSpeed[m[Kâ€™?
[1.639s]    79 |     [01;31m[KvehicleYRec[m[K = vehicleY;
[1.640s]       |     [01;31m[K^~~~~~~~~~~[m[K
[1.640s]       |     [32m[KvehicleSpeed[m[K
[1.641s] [01m[K/home/wook/ros2/ros2_ws/src/autonomy_stack_diablo_setup/src/base_autonomy/local_planner/src/pathFollower.cpp:79:19:[m[K [01;31m[Kerror: [m[Kâ€˜[01m[KvehicleY[m[Kâ€™ was not declared in this scope
[1.641s]    79 |     vehicleYRec = [01;31m[KvehicleY[m[K;
[1.641s]       |                   [01;31m[K^~~~~~~~[m[K
[1.643s] [01m[K/home/wook/ros2/ros2_ws/src/autonomy_stack_diablo_setup/src/base_autonomy/local_planner/src/pathFollower.cpp:80:5:[m[K [01;31m[Kerror: [m[Kâ€˜[01m[KvehicleZRec[m[Kâ€™ was not declared in this scope; did you mean â€˜[01m[KvehicleSpeed[m[Kâ€™?
[1.643s]    80 |     [01;31m[KvehicleZRec[m[K = vehicleZ;
[1.643s]       |     [01;31m[K^~~~~~~~~~~[m[K
[1.643s]       |     [32m[KvehicleSpeed[m[K
[1.644s] [01m[K/home/wook/ros2/ros2_ws/src/autonomy_stack_diablo_setup/src/base_autonomy/local_planner/src/pathFollower.cpp:80:19:[m[K [01;31m[Kerror: [m[Kâ€˜[01m[KvehicleZ[m[Kâ€™ was not declared in this scope
[1.645s]    80 |     vehicleZRec = [01;31m[KvehicleZ[m[K;
[1.645s]       |                   [01;31m[K^~~~~~~~[m[K
[1.647s] [01m[K/home/wook/ros2/ros2_ws/src/autonomy_stack_diablo_setup/src/base_autonomy/local_planner/src/pathFollower.cpp:81:5:[m[K [01;31m[Kerror: [m[Kâ€˜[01m[KvehicleRollRec[m[Kâ€™ was not declared in this scope
[1.647s]    81 |     [01;31m[KvehicleRollRec[m[K = vehicleRoll;
[1.647s]       |     [01;31m[K^~~~~~~~~~~~~~[m[K
[1.648s] [01m[K/home/wook/ros2/ros2_ws/src/autonomy_stack_diablo_setup/src/base_autonomy/local_planner/src/pathFollower.cpp:81:22:[m[K [01;31m[Kerror: [m[Kâ€˜[01m[KvehicleRoll[m[Kâ€™ was not declared in this scope
[1.648s]    81 |     vehicleRollRec = [01;31m[KvehicleRoll[m[K;
[1.648s]       |                      [01;31m[K^~~~~~~~~~~[m[K
[1.651s] [01m[K/home/wook/ros2/ros2_ws/src/autonomy_stack_diablo_setup/src/base_autonomy/local_planner/src/pathFollower.cpp:82:5:[m[K [01;31m[Kerror: [m[Kâ€˜[01m[KvehiclePitchRec[m[Kâ€™ was not declared in this scope
[1.651s]    82 |     [01;31m[KvehiclePitchRec[m[K = vehiclePitch;
[1.651s]       |     [01;31m[K^~~~~~~~~~~~~~~[m[K
[1.653s] [01m[K/home/wook/ros2/ros2_ws/src/autonomy_stack_diablo_setup/src/base_autonomy/local_planner/src/pathFollower.cpp:82:23:[m[K [01;31m[Kerror: [m[Kâ€˜[01m[KvehiclePitch[m[Kâ€™ was not declared in this scope
[1.653s]    82 |     vehiclePitchRec = [01;31m[KvehiclePitch[m[K;
[1.653s]       |                       [01;31m[K^~~~~~~~~~~~[m[K
[1.654s] [01m[K/home/wook/ros2/ros2_ws/src/autonomy_stack_diablo_setup/src/base_autonomy/local_planner/src/pathFollower.cpp:83:5:[m[K [01;31m[Kerror: [m[Kâ€˜[01m[KvehicleYawRec[m[Kâ€™ was not declared in this scope; did you mean â€˜[01m[KvehicleYawRate[m[Kâ€™?
[1.654s]    83 |     [01;31m[KvehicleYawRec[m[K = vehicleYaw;
[1.654s]       |     [01;31m[K^~~~~~~~~~~~~[m[K
[1.654s]       |     [32m[KvehicleYawRate[m[K
[1.656s] [01m[K/home/wook/ros2/ros2_ws/src/autonomy_stack_diablo_setup/src/base_autonomy/local_planner/src/pathFollower.cpp:83:21:[m[K [01;31m[Kerror: [m[Kâ€˜[01m[KvehicleYaw[m[Kâ€™ was not declared in this scope; did you mean â€˜[01m[KvehicleYawRate[m[Kâ€™?
[1.656s]    83 |     vehicleYawRec = [01;31m[KvehicleYaw[m[K;
[1.656s]       |                     [01;31m[K^~~~~~~~~~[m[K
[1.656s]       |                     [32m[KvehicleYawRate[m[K
[1.658s] [01m[K/home/wook/ros2/ros2_ws/src/autonomy_stack_diablo_setup/src/base_autonomy/local_planner/src/pathFollower.cpp:[m[K In function â€˜[01m[Kvoid joystickHandler(sensor_msgs::msg::Joy_<std::allocator<void> >::ConstSharedPtr)[m[Kâ€™:
[1.658s] [01m[K/home/wook/ros2/ros2_ws/src/autonomy_stack_diablo_setup/src/base_autonomy/local_planner/src/pathFollower.cpp:89:66:[m[K [01;35m[Kwarning: [m[Kunused parameter â€˜[01m[Kjoy[m[Kâ€™ [[01;35m[K]8;;https://gcc.gnu.org/onlinedocs/gcc/Warning-Options.html#index-Wunused-parameter-Wunused-parameter]8;;[m[K]
[1.658s]    89 | void joystickHandler([01;35m[Kconst sensor_msgs::msg::Joy::ConstSharedPtr joy[m[K)
[1.658s]       |                      [01;35m[K~~~~~~~~~~~~~~~~~~~~~~~~~~~~~~~~~~~~~~~~~~~~^~~[m[K
[1.659s] [01m[K/home/wook/ros2/ros2_ws/src/autonomy_stack_diablo_setup/src/base_autonomy/local_planner/src/pathFollower.cpp:[m[K In function â€˜[01m[Kvoid speedHandler(std_msgs::msg::Float32_<std::allocator<void> >::ConstSharedPtr)[m[Kâ€™:
[1.659s] [01m[K/home/wook/ros2/ros2_ws/src/autonomy_stack_diablo_setup/src/base_autonomy/local_planner/src/pathFollower.cpp:95:64:[m[K [01;35m[Kwarning: [m[Kunused parameter â€˜[01m[Kspeed[m[Kâ€™ [[01;35m[K]8;;https://gcc.gnu.org/onlinedocs/gcc/Warning-Options.html#index-Wunused-parameter-Wunused-parameter]8;;[m[K]
[1.659s]    95 | void speedHandler([01;35m[Kconst std_msgs::msg::Float32::ConstSharedPtr speed[m[K)
[1.659s]       |                   [01;35m[K~~~~~~~~~~~~~~~~~~~~~~~~~~~~~~~~~~~~~~~~~~~~~^~~~~[m[K
[1.660s] [01m[K/home/wook/ros2/ros2_ws/src/autonomy_stack_diablo_setup/src/base_autonomy/local_planner/src/pathFollower.cpp:[m[K In function â€˜[01m[Kvoid slowDownHandler(std_msgs::msg::Int8_<std::allocator<void> >::ConstSharedPtr)[m[Kâ€™:
[1.660s] [01m[K/home/wook/ros2/ros2_ws/src/autonomy_stack_diablo_setup/src/base_autonomy/local_planner/src/pathFollower.cpp:106:64:[m[K [01;35m[Kwarning: [m[Kunused parameter â€˜[01m[Kslow[m[Kâ€™ [[01;35m[K]8;;https://gcc.gnu.org/onlinedocs/gcc/Warning-Options.html#index-Wunused-parameter-Wunused-parameter]8;;[m[K]
[1.660s]   106 | void slowDownHandler([01;35m[Kconst std_msgs::msg::Int8::ConstSharedPtr slow[m[K)
[1.660s]       |                      [01;35m[K~~~~~~~~~~~~~~~~~~~~~~~~~~~~~~~~~~~~~~~~~~^~~~[m[K
[1.701s] [01m[K/home/wook/ros2/ros2_ws/src/autonomy_stack_diablo_setup/src/base_autonomy/local_planner/src/pathFollower.cpp:[m[K In function â€˜[01m[Kint main(int, char**)[m[Kâ€™:
[1.701s] [01m[K/home/wook/ros2/ros2_ws/src/autonomy_stack_diablo_setup/src/base_autonomy/local_planner/src/pathFollower.cpp:124:28:[m[K [01;31m[Kerror: [m[Kparse error in template argument list
[1.701s]   124 |     auto subJoystick = nh->[01;31m[Kcreate_subscription<sensor_msgs::msg/Joy>[m[K("/joy", 5, joystickHandler);
[1.701s]       |                            [01;31m[K^~~~~~~~~~~~~~~~~~~~~~~~~~~~~~~~~~~~~~~~~[m[K
[1.701s] [01m[K/home/wook/ros2/ros2_ws/src/autonomy_stack_diablo_setup/src/base_autonomy/local_planner/src/pathFollower.cpp:124:69:[m[K [01;31m[Kerror: [m[Kno matching function for call to â€˜[01m[Krclcpp::Node::create_subscription<<expression error> >(const char [5], int, void (&)(sensor_msgs::msg::Joy_<std::allocator<void> >::ConstSharedPtr))[m[Kâ€™
[1.702s]   124 |     auto subJoystick = [01;31m[Knh->create_subscription<sensor_msgs::msg/Joy>("/joy", 5, joystickHandler)[m[K;
[1.702s]       |                        [01;31m[K~~~~~~~~~~~~~~~~~~~~~~~~~~~~~~~~~~~~~~~~~~~~~^~~~~~~~~~~~~~~~~~~~~~~~~~~~[m[K
[1.702s] In file included from [01m[K/opt/ros/humble/include/rclcpp/rclcpp/node.hpp:1321[m[K,
[1.702s]                  from [01m[K/opt/ros/humble/include/rclcpp/rclcpp/executors/single_threaded_executor.hpp:28[m[K,
[1.702s]                  from [01m[K/opt/ros/humble/include/rclcpp/rclcpp/executors.hpp:22[m[K,
[1.702s]                  from [01m[K/opt/ros/humble/include/rclcpp/rclcpp/rclcpp.hpp:155[m[K,
[1.702s]                  from [01m[K/home/wook/ros2/ros2_ws/src/autonomy_stack_diablo_setup/src/base_autonomy/local_planner/src/pathFollower.cpp:8[m[K:
[1.702s] [01m[K/opt/ros/humble/include/rclcpp/rclcpp/node_impl.hpp:92:1:[m[K [01;36m[Knote: [m[Kcandidate: â€˜[01m[Ktemplate<class MessageT, class CallbackT, class AllocatorT, class SubscriptionT, class MessageMemoryStrategyT> std::shared_ptr<ROSMessageT> rclcpp::Node::create_subscription(const string&, const rclcpp::QoS&, CallbackT&&, const rclcpp::SubscriptionOptionsWithAllocator<AllocatorT>&, typename MessageMemoryStrategyT::SharedPtr)[m[Kâ€™
[1.702s]    92 | [01;36m[KNode[m[K::create_subscription(
[1.702s]       | [01;36m[K^~~~[m[K
[1.702s] [01m[K/opt/ros/humble/include/rclcpp/rclcpp/node_impl.hpp:92:1:[m[K [01;36m[Knote: [m[K  template argument deduction/substitution failed:
[1.702s] [01m[K/home/wook/ros2/ros2_ws/src/autonomy_stack_diablo_setup/src/base_autonomy/local_planner/src/pathFollower.cpp:124:69:[m[K [01;31m[Kerror: [m[Ktemplate argument 1 is invalid
[1.702s]   124 |     auto subJoystick = [01;31m[Knh->create_subscription<sensor_msgs::msg/Joy>("/joy", 5, joystickHandler)[m[K;
[1.702s]       |                        [01;31m[K~~~~~~~~~~~~~~~~~~~~~~~~~~~~~~~~~~~~~~~~~~~~~^~~~~~~~~~~~~~~~~~~~~~~~~~~~[m[K
[1.747s] [01m[K/home/wook/ros2/ros2_ws/src/autonomy_stack_diablo_setup/src/base_autonomy/local_planner/src/pathFollower.cpp:127:28:[m[K [01;31m[Kerror: [m[Kparse error in template argument list
[1.747s]   127 |     auto subSlowDown = nh->[01;31m[Kcreate_subscription<std_msgs::msg/Int8>[m[K("/slow_down", 5, slowDownHandler);
[1.747s]       |                            [01;31m[K^~~~~~~~~~~~~~~~~~~~~~~~~~~~~~~~~~~~~~~[m[K
[1.747s] [01m[K/home/wook/ros2/ros2_ws/src/autonomy_stack_diablo_setup/src/base_autonomy/local_planner/src/pathFollower.cpp:127:67:[m[K [01;31m[Kerror: [m[Kno matching function for call to â€˜[01m[Krclcpp::Node::create_subscription<<expression error> >(const char [11], int, void (&)(std_msgs::msg::Int8_<std::allocator<void> >::ConstSharedPtr))[m[Kâ€™
[1.747s]   127 |     auto subSlowDown = [01;31m[Knh->create_subscription<std_msgs::msg/Int8>("/slow_down", 5, slowDownHandler)[m[K;
[1.747s]       |                        [01;31m[K~~~~~~~~~~~~~~~~~~~~~~~~~~~~~~~~~~~~~~~~~~~^~~~~~~~~~~~~~~~~~~~~~~~~~~~~~~~~~[m[K
[1.747s] In file included from [01m[K/opt/ros/humble/include/rclcpp/rclcpp/node.hpp:1321[m[K,
[1.747s]                  from [01m[K/opt/ros/humble/include/rclcpp/rclcpp/executors/single_threaded_executor.hpp:28[m[K,
[1.747s]                  from [01m[K/opt/ros/humble/include/rclcpp/rclcpp/executors.hpp:22[m[K,
[1.747s]                  from [01m[K/opt/ros/humble/include/rclcpp/rclcpp/rclcpp.hpp:155[m[K,
[1.747s]                  from [01m[K/home/wook/ros2/ros2_ws/src/autonomy_stack_diablo_setup/src/base_autonomy/local_planner/src/pathFollower.cpp:8[m[K:
[1.747s] [01m[K/opt/ros/humble/include/rclcpp/rclcpp/node_impl.hpp:92:1:[m[K [01;36m[Knote: [m[Kcandidate: â€˜[01m[Ktemplate<class MessageT, class CallbackT, class AllocatorT, class SubscriptionT, class MessageMemoryStrategyT> std::shared_ptr<ROSMessageT> rclcpp::Node::create_subscription(const string&, const rclcpp::QoS&, CallbackT&&, const rclcpp::SubscriptionOptionsWithAllocator<AllocatorT>&, typename MessageMemoryStrategyT::SharedPtr)[m[Kâ€™
[1.747s]    92 | [01;36m[KNode[m[K::create_subscription(
[1.747s]       | [01;36m[K^~~~[m[K
[1.747s] [01m[K/opt/ros/humble/include/rclcpp/rclcpp/node_impl.hpp:92:1:[m[K [01;36m[Knote: [m[K  template argument deduction/substitution failed:
[1.747s] [01m[K/home/wook/ros2/ros2_ws/src/autonomy_stack_diablo_setup/src/base_autonomy/local_planner/src/pathFollower.cpp:127:67:[m[K [01;31m[Kerror: [m[Ktemplate argument 1 is invalid
[1.747s]   127 |     auto subSlowDown = [01;31m[Knh->create_subscription<std_msgs::msg/Int8>("/slow_down", 5, slowDownHandler)[m[K;
[1.747s]       |                        [01;31m[K~~~~~~~~~~~~~~~~~~~~~~~~~~~~~~~~~~~~~~~~~~~^~~~~~~~~~~~~~~~~~~~~~~~~~~~~~~~~~[m[K
[1.753s] [01m[K/home/wook/ros2/ros2_ws/src/autonomy_stack_diablo_setup/src/base_autonomy/local_planner/src/pathFollower.cpp:147:22:[m[K [01;31m[Kerror: [m[Kâ€˜[01m[KdirDiff[m[Kâ€™ was not declared in this scope
[1.753s]   147 |             if (fabs([01;31m[KdirDiff[m[K) < dirDiffThre && dis > stopDisThre) {
[1.753s]       |                      [01;31m[K^~~~~~~[m[K
[1.755s] [01m[K/home/wook/ros2/ros2_ws/src/autonomy_stack_diablo_setup/src/base_autonomy/local_planner/src/pathFollower.cpp:147:33:[m[K [01;31m[Kerror: [m[Kâ€˜[01m[KdirDiffThre[m[Kâ€™ was not declared in this scope
[1.755s]   147 |             if (fabs(dirDiff) < [01;31m[KdirDiffThre[m[K && dis > stopDisThre) {
[1.755s]       |                                 [01;31m[K^~~~~~~~~~~[m[K
[1.757s] [01m[K/home/wook/ros2/ros2_ws/src/autonomy_stack_diablo_setup/src/base_autonomy/local_planner/src/pathFollower.cpp:147:48:[m[K [01;31m[Kerror: [m[Kâ€˜[01m[Kdis[m[Kâ€™ was not declared in this scope; did you mean â€˜[01m[Kdiv[m[Kâ€™?
[1.757s]   147 |             if (fabs(dirDiff) < dirDiffThre && [01;31m[Kdis[m[K > stopDisThre) {
[1.757s]       |                                                [01;31m[K^~~[m[K
[1.757s]       |                                                [32m[Kdiv[m[K
[1.760s] [01m[K/home/wook/ros2/ros2_ws/src/autonomy_stack_diablo_setup/src/base_autonomy/local_planner/src/pathFollower.cpp:147:54:[m[K [01;31m[Kerror: [m[Kâ€˜[01m[KstopDisThre[m[Kâ€™ was not declared in this scope
[1.760s]   147 |             if (fabs(dirDiff) < dirDiffThre && dis > [01;31m[KstopDisThre[m[K) {
[1.760s]       |                                                      [01;31m[K^~~~~~~~~~~[m[K
[1.762s] [01m[K/home/wook/ros2/ros2_ws/src/autonomy_stack_diablo_setup/src/base_autonomy/local_planner/src/pathFollower.cpp:148:36:[m[K [01;31m[Kerror: [m[Kâ€˜[01m[KjoySpeed3[m[Kâ€™ was not declared in this scope
[1.762s]   148 |                 if (vehicleSpeed < [01;31m[KjoySpeed3[m[K) vehicleSpeed += maxAccel / 100.0;
[1.762s]       |                                    [01;31m[K^~~~~~~~~[m[K
[1.764s] [01m[K/home/wook/ros2/ros2_ws/src/autonomy_stack_diablo_setup/src/base_autonomy/local_planner/src/pathFollower.cpp:148:63:[m[K [01;31m[Kerror: [m[Kâ€˜[01m[KmaxAccel[m[Kâ€™ was not declared in this scope
[1.764s]   148 |                 if (vehicleSpeed < joySpeed3) vehicleSpeed += [01;31m[KmaxAccel[m[K / 100.0;
[1.764s]       |                                                               [01;31m[K^~~~~~~~[m[K
[1.766s] [01m[K/home/wook/ros2/ros2_ws/src/autonomy_stack_diablo_setup/src/base_autonomy/local_planner/src/pathFollower.cpp:149:68:[m[K [01;31m[Kerror: [m[Kâ€˜[01m[KmaxAccel[m[Kâ€™ was not declared in this scope
[1.766s]   149 |                 else if (vehicleSpeed > joySpeed3) vehicleSpeed -= [01;31m[KmaxAccel[m[K / 100.0;
[1.766s]       |                                                                    [01;31m[K^~~~~~~~[m[K
[1.768s] [01m[K/home/wook/ros2/ros2_ws/src/autonomy_stack_diablo_setup/src/base_autonomy/local_planner/src/pathFollower.cpp:151:55:[m[K [01;31m[Kerror: [m[Kâ€˜[01m[KmaxAccel[m[Kâ€™ was not declared in this scope
[1.768s]   151 |                 if (vehicleSpeed > 0) vehicleSpeed -= [01;31m[KmaxAccel[m[K / 100.0;
[1.768s]       |                                                       [01;31m[K^~~~~~~~[m[K
[1.770s] [01m[K/home/wook/ros2/ros2_ws/src/autonomy_stack_diablo_setup/src/base_autonomy/local_planner/src/pathFollower.cpp:152:60:[m[K [01;31m[Kerror: [m[Kâ€˜[01m[KmaxAccel[m[Kâ€™ was not declared in this scope
[1.770s]   152 |                 else if (vehicleSpeed < 0) vehicleSpeed += [01;31m[KmaxAccel[m[K / 100.0;
[1.770s]       |                                                            [01;31m[K^~~~~~~~[m[K
[1.772s] [01m[K/home/wook/ros2/ros2_ws/src/autonomy_stack_diablo_setup/src/base_autonomy/local_planner/src/pathFollower.cpp:161:13:[m[K [01;31m[Kerror: [m[Kâ€˜[01m[KpubSkipCount[m[Kâ€™ was not declared in this scope
[1.772s]   161 |             [01;31m[KpubSkipCount[m[K--;
[1.772s]       |             [01;31m[K^~~~~~~~~~~~[m[K
[1.774s] [01m[K/home/wook/ros2/ros2_ws/src/autonomy_stack_diablo_setup/src/base_autonomy/local_planner/src/pathFollower.cpp:164:43:[m[K [01;31m[Kerror: [m[Kâ€˜[01m[KmaxAccel[m[Kâ€™ was not declared in this scope
[1.774s]   164 |                 if (fabs(vehicleSpeed) <= [01;31m[KmaxAccel[m[K / 100.0) cmd_vel.twist.linear.x = 0;
[1.774s]       |                                           [01;31m[K^~~~~~~~[m[K
[1.777s] [01m[K/home/wook/ros2/ros2_ws/src/autonomy_stack_diablo_setup/src/base_autonomy/local_planner/src/pathFollower.cpp:180:32:[m[K [01;31m[Kerror: [m[Kâ€˜[01m[KpubSkipNum[m[Kâ€™ was not declared in this scope
[1.777s]   180 |                 pubSkipCount = [01;31m[KpubSkipNum[m[K;
[1.777s]       |                                [01;31m[K^~~~~~~~~~[m[K
[4.916s] gmake[2]: *** [CMakeFiles/pathFollower.dir/build.make:76: CMakeFiles/pathFollower.dir/src/pathFollower.cpp.o] Error 1
[4.917s] gmake[1]: *** [CMakeFiles/Makefile2:165: CMakeFiles/pathFollower.dir/all] Error 2
[4.917s] gmake: *** [Makefile:146: all] Error 2
[4.919s] Invoked command in '/home/wook/ros2/ros2_ws/build/local_planner' returned '2': CMAKE_PREFIX_PATH=/home/wook/ros2/ros2_ws/install/motion_msgs:/home/wook/ros2/ros2_ws/install/ception_msgs:/home/wook/ros2/ros2_ws/install/waypoint_rviz_plugin:/home/wook/ros2/ros2_ws/install/waypoint_example:/home/wook/ros2/ros2_ws/install/visualization_tools:/home/wook/ros2/ros2_ws/install/graph_decoder:/home/wook/ros2/ros2_ws/install/far_planner:/home/wook/ros2/ros2_ws/install/boundary_handler:/home/wook/ros2/ros2_ws/install/visibility_graph_msg:/home/wook/ros2/ros2_ws/install/vehicle_simulator:/home/wook/ros2/ros2_ws/install/robot_bringup:/home/wook/ros2/ros2_ws/install/terrain_analysis_ext:/home/wook/ros2/ros2_ws/install/terrain_analysis:/home/wook/ros2/ros2_ws/install/teleop_rviz_plugin_plus:/home/wook/ros2/ros2_ws/install/teleop_rviz_plugin:/home/wook/ros2/ros2_ws/install/tare_planner:/home/wook/ros2/ros2_ws/install/sensor_scan_generation:/home/wook/ros2/ros2_ws/install/pointcloud_adapter:/home/wook/ros2/ros2_ws/install/orbbec_rgb_publisher:/home/wook/ros2/ros2_ws/install/orbbec_description:/home/wook/ros2/ros2_ws/install/orbbec_camera:/home/wook/ros2/ros2_ws/install/orbbec_camera_msgs:/home/wook/ros2/ros2_ws/install/local_planner:/home/wook/ros2/ros2_ws/install/diablo_ctrl:/home/wook/ros2/ros2_ws/install/diablo_body:/home/wook/ros2/ros2_ws/install/diablo_utils:/home/wook/ros2/ros2_ws/install/diablo_teleop_joy:/home/wook/ros2/ros2_ws/install/goalpoint_rviz_plugin:/home/wook/ros2/ros2_ws/install/domain_bridge:/home/wook/ros2/ros2_ws/install/ros_tcp_endpoint:/home/wook/ros2/ros2_ws/install/diablo_teleop:/opt/ros/humble LD_LIBRARY_PATH=/home/wook/ros2/ros2_ws/install/motion_msgs/lib:/home/wook/ros2/ros2_ws/install/ception_msgs/lib:/home/wook/ros2/ros2_ws/install/visibility_graph_msg/lib:/home/wook/ros2/ros2_ws/install/orbbec_camera/lib:/home/wook/ros2/ros2_ws/install/orbbec_camera_msgs/lib:/home/wook/ros2/ros2_ws/install/diablo_body/lib:/home/wook/ros2/ros2_ws/install/diablo_utils/lib:/home/wook/ros2/ros2_ws/install/domain_bridge/lib:/home/wook/orbbec_sdk/lib:/opt/ros/humble/opt/rviz_ogre_vendor/lib:/opt/rti.com/rti_connext_dds-6.0.1/lib/x64Linux4gcc7.3.0:/opt/rti.com/rti_connext_dds-6.0.1/bin:/opt/ros/humble/lib/x86_64-linux-gnu:/opt/ros/humble/lib /usr/bin/cmake --build /home/wook/ros2/ros2_ws/build/local_planner -- -j32 -l32
