[0.003s] Invoking command in '/home/wook/ros2/ros2_ws/build/arise_slam_mid360_msgs': CMAKE_PREFIX_PATH=/opt/ros/humble /usr/bin/cmake --build /home/wook/ros2/ros2_ws/build/arise_slam_mid360_msgs -- -j32 -l32
[0.033s] failed to create symbolic link '/home/wook/ros2/ros2_ws/build/arise_slam_mid360_msgs/ament_cmake_python/arise_slam_mid360_msgs/arise_slam_mid360_msgs' because existing path cannot be removed: Is a directory
[0.033s] [  2%] Built target arise_slam_mid360_msgs__cpp
[0.034s] gmake[2]: *** [CMakeFiles/ament_cmake_python_symlink_arise_slam_mid360_msgs.dir/build.make:70: CMakeFiles/ament_cmake_python_symlink_arise_slam_mid360_msgs] Error 1
[0.034s] gmake[1]: *** [CMakeFiles/Makefile2:421: CMakeFiles/ament_cmake_python_symlink_arise_slam_mid360_msgs.dir/all] Error 2
[0.034s] gmake[1]: *** Waiting for unfinished jobs....
[0.035s] [ 12%] Built target arise_slam_mid360_msgs__rosidl_generator_c
[0.036s] gmake: *** [Makefile:146: all] Error 2
[0.037s] Invoked command in '/home/wook/ros2/ros2_ws/build/arise_slam_mid360_msgs' returned '2': CMAKE_PREFIX_PATH=/opt/ros/humble /usr/bin/cmake --build /home/wook/ros2/ros2_ws/build/arise_slam_mid360_msgs -- -j32 -l32
