[0.005s] Invoking command in '/home/wook/ros2/ros2_ws/build/arise_slam_mid360_msgs': CMAKE_PREFIX_PATH=/opt/ros/humble /usr/bin/cmake /home/wook/ros2/ros2_ws/src/autonomy_stack_diablo_setup/src/slam/arise_slam_mid360_msgs -DAMENT_CMAKE_SYMLINK_INSTALL=1 -DCMAKE_INSTALL_PREFIX=/home/wook/ros2/ros2_ws/install/arise_slam_mid360_msgs
[0.013s] -- Found ament_cmake: 1.3.11 (/opt/ros/humble/share/ament_cmake/cmake)
[0.078s] -- Override CMake install command with custom implementation using symlinks instead of copying resources
[0.082s] -- Found builtin_interfaces: 1.2.1 (/opt/ros/humble/share/builtin_interfaces/cmake)
[0.095s] -- Found rosidl_generator_c: 3.1.6 (/opt/ros/humble/share/rosidl_generator_c/cmake)
[0.096s] -- Found rosidl_adapter: 3.1.6 (/opt/ros/humble/share/rosidl_adapter/cmake)
[0.099s] -- Found rosidl_generator_cpp: 3.1.6 (/opt/ros/humble/share/rosidl_generator_cpp/cmake)
[0.104s] -- Using all available rosidl_typesupport_c: rosidl_typesupport_fastrtps_c;rosidl_typesupport_introspection_c
[0.110s] -- Using all available rosidl_typesupport_cpp: rosidl_typesupport_fastrtps_cpp;rosidl_typesupport_introspection_cpp
[0.115s] -- Found rosidl_default_generators: 1.2.0 (/opt/ros/humble/share/rosidl_default_generators/cmake)
[0.118s] -- Found std_msgs: 4.9.0 (/opt/ros/humble/share/std_msgs/cmake)
[0.124s] -- Found geometry_msgs: 4.9.0 (/opt/ros/humble/share/geometry_msgs/cmake)
[0.130s] -- Found nav_msgs: 4.9.0 (/opt/ros/humble/share/nav_msgs/cmake)
[0.141s] -- Found sensor_msgs: 4.9.0 (/opt/ros/humble/share/sensor_msgs/cmake)
[0.323s] -- Found ament_cmake_cppcheck: 0.12.12 (/opt/ros/humble/share/ament_cmake_cppcheck/cmake)
[0.324s] -- Found ament_cmake_cpplint: 0.12.12 (/opt/ros/humble/share/ament_cmake_cpplint/cmake)
[0.324s] -- Found ament_cmake_uncrustify: 0.12.12 (/opt/ros/humble/share/ament_cmake_uncrustify/cmake)
[0.324s] -- Found ament_cmake_ros: 0.10.0 (/opt/ros/humble/share/ament_cmake_ros/cmake)
[0.584s] -- Using all available rosidl_typesupport_c: rosidl_typesupport_fastrtps_c;rosidl_typesupport_introspection_c
[0.691s] -- Using all available rosidl_typesupport_cpp: rosidl_typesupport_fastrtps_cpp;rosidl_typesupport_introspection_cpp
[0.703s] -- Found python_cmake_module: 0.10.0 (/opt/ros/humble/share/python_cmake_module/cmake)
[0.717s] -- Using PYTHON_EXECUTABLE: /usr/bin/python3
[0.717s] -- Using PYTHON_INCLUDE_DIRS: /usr/include/python3.10
[0.717s] -- Using PYTHON_LIBRARIES: /usr/lib/x86_64-linux-gnu/libpython3.10.so
[0.746s] -- Found ament_cmake_flake8: 0.12.12 (/opt/ros/humble/share/ament_cmake_flake8/cmake)
[0.746s] -- Found ament_cmake_pep257: 0.12.12 (/opt/ros/humble/share/ament_cmake_pep257/cmake)
[0.747s] -- Found ament_lint_auto: 0.12.12 (/opt/ros/humble/share/ament_lint_auto/cmake)
[0.753s] -- Added test 'copyright' to check source files copyright and LICENSE
[0.754s] -- Added test 'lint_cmake' to check CMake code style
[0.754s] -- Added test 'xmllint' to check XML markup files
[0.756s] -- Configuring done
[0.787s] -- Generating done
[0.794s] -- Build files have been written to: /home/wook/ros2/ros2_ws/build/arise_slam_mid360_msgs
[0.800s] Invoked command in '/home/wook/ros2/ros2_ws/build/arise_slam_mid360_msgs' returned '0': CMAKE_PREFIX_PATH=/opt/ros/humble /usr/bin/cmake /home/wook/ros2/ros2_ws/src/autonomy_stack_diablo_setup/src/slam/arise_slam_mid360_msgs -DAMENT_CMAKE_SYMLINK_INSTALL=1 -DCMAKE_INSTALL_PREFIX=/home/wook/ros2/ros2_ws/install/arise_slam_mid360_msgs
[0.801s] Invoking command in '/home/wook/ros2/ros2_ws/build/arise_slam_mid360_msgs': CMAKE_PREFIX_PATH=/opt/ros/humble /usr/bin/cmake --build /home/wook/ros2/ros2_ws/build/arise_slam_mid360_msgs -- -j32 -l32
[0.827s] [35m[1mConsolidate compiler generated dependencies of target arise_slam_mid360_msgs__rosidl_generator_c[0m
[0.832s] failed to create symbolic link '/home/wook/ros2/ros2_ws/build/arise_slam_mid360_msgs/ament_cmake_python/arise_slam_mid360_msgs/arise_slam_mid360_msgs' because existing path cannot be removed: Is a directory
[0.833s] [  2%] Built target arise_slam_mid360_msgs__cpp
[0.833s] gmake[2]: *** [CMakeFiles/ament_cmake_python_symlink_arise_slam_mid360_msgs.dir/build.make:70: CMakeFiles/ament_cmake_python_symlink_arise_slam_mid360_msgs] Error 1
[0.833s] gmake[1]: *** [CMakeFiles/Makefile2:421: CMakeFiles/ament_cmake_python_symlink_arise_slam_mid360_msgs.dir/all] Error 2
[0.833s] gmake[1]: *** Waiting for unfinished jobs....
[0.835s] [ 12%] Built target arise_slam_mid360_msgs__rosidl_generator_c
[0.836s] gmake: *** [Makefile:146: all] Error 2
[0.837s] Invoked command in '/home/wook/ros2/ros2_ws/build/arise_slam_mid360_msgs' returned '2': CMAKE_PREFIX_PATH=/opt/ros/humble /usr/bin/cmake --build /home/wook/ros2/ros2_ws/build/arise_slam_mid360_msgs -- -j32 -l32
