[01m[K/home/wook/ros2/ros2_ws/src/autonomy_stack_diablo_setup/src/base_autonomy/local_planner/src/pathFollower.cpp:221:31:[m[K [01;31m[Kerror: [m[Kâ€˜[01m[Kmotion_msgs[m[Kâ€™ does not name a type
  221 | void robotStatusHandler(const [01;31m[Kmotion_msgs[m[K::msg::RobotStatus::ConstSharedPtr status)
      |                               [01;31m[K^~~~~~~~~~~[m[K
[01m[K/home/wook/ros2/ros2_ws/src/autonomy_stack_diablo_setup/src/base_autonomy/local_planner/src/pathFollower.cpp:221:47:[m[K [01;31m[Kerror: [m[Kexpected unqualified-id before â€˜[01m[K::[m[Kâ€™ token
  221 | void robotStatusHandler(const motion_msgs::msg[01;31m[K::[m[KRobotStatus::ConstSharedPtr status)
      |                                               [01;31m[K^~[m[K
[01m[K/home/wook/ros2/ros2_ws/src/autonomy_stack_diablo_setup/src/base_autonomy/local_planner/src/pathFollower.cpp:221:47:[m[K [01;31m[Kerror: [m[Kexpected â€˜[01m[K)[m[Kâ€™ before â€˜[01m[K::[m[Kâ€™ token
  221 | void robotStatusHandler[34m[K([m[Kconst motion_msgs::msg[01;31m[K:[m[K[32m[K:[m[KRobotStatus::ConstSharedPtr status)
      |                        [34m[K~[m[K                      [01;31m[K^[m[K[32m[K~[m[K
      |                                               [32m[K)[m[K
[01m[K/home/wook/ros2/ros2_ws/src/autonomy_stack_diablo_setup/src/base_autonomy/local_planner/src/pathFollower.cpp:221:47:[m[K [01;31m[Kerror: [m[Kexpected initializer before â€˜[01m[K::[m[Kâ€™ token
  221 | void robotStatusHandler(const motion_msgs::msg[01;31m[K::[m[KRobotStatus::ConstSharedPtr status)
      |                                               [01;31m[K^~[m[K
[01m[K/home/wook/ros2/ros2_ws/src/autonomy_stack_diablo_setup/src/base_autonomy/local_planner/src/pathFollower.cpp:229:31:[m[K [01;31m[Kerror: [m[Kâ€˜[01m[Kmotion_msgs[m[Kâ€™ does not name a type
  229 | void motorStatusHandler(const [01;31m[Kmotion_msgs[m[K::msg::LegMotors::ConstSharedPtr status)
      |                               [01;31m[K^~~~~~~~~~~[m[K
[01m[K/home/wook/ros2/ros2_ws/src/autonomy_stack_diablo_setup/src/base_autonomy/local_planner/src/pathFollower.cpp:229:47:[m[K [01;31m[Kerror: [m[Kexpected unqualified-id before â€˜[01m[K::[m[Kâ€™ token
  229 | void motorStatusHandler(const motion_msgs::msg[01;31m[K::[m[KLegMotors::ConstSharedPtr status)
      |                                               [01;31m[K^~[m[K
[01m[K/home/wook/ros2/ros2_ws/src/autonomy_stack_diablo_setup/src/base_autonomy/local_planner/src/pathFollower.cpp:229:47:[m[K [01;31m[Kerror: [m[Kexpected â€˜[01m[K)[m[Kâ€™ before â€˜[01m[K::[m[Kâ€™ token
  229 | void motorStatusHandler[34m[K([m[Kconst motion_msgs::msg[01;31m[K:[m[K[32m[K:[m[KLegMotors::ConstSharedPtr status)
      |                        [34m[K~[m[K                      [01;31m[K^[m[K[32m[K~[m[K
      |                                               [32m[K)[m[K
[01m[K/home/wook/ros2/ros2_ws/src/autonomy_stack_diablo_setup/src/base_autonomy/local_planner/src/pathFollower.cpp:229:47:[m[K [01;31m[Kerror: [m[Kexpected initializer before â€˜[01m[K::[m[Kâ€™ token
  229 | void motorStatusHandler(const motion_msgs::msg[01;31m[K::[m[KLegMotors::ConstSharedPtr status)
      |                                               [01;31m[K^~[m[K
[01m[K/home/wook/ros2/ros2_ws/src/autonomy_stack_diablo_setup/src/base_autonomy/local_planner/src/pathFollower.cpp:234:23:[m[K [01;31m[Kerror: [m[Kâ€˜[01m[Kception_msgs[m[Kâ€™ does not name a type
  234 | void imuHandler(const [01;31m[Kception_msgs[m[K::msg::IMUEuler::ConstSharedPtr status)
      |                       [01;31m[K^~~~~~~~~~~~[m[K
[01m[K/home/wook/ros2/ros2_ws/src/autonomy_stack_diablo_setup/src/base_autonomy/local_planner/src/pathFollower.cpp:234:40:[m[K [01;31m[Kerror: [m[Kexpected unqualified-id before â€˜[01m[K::[m[Kâ€™ token
  234 | void imuHandler(const ception_msgs::msg[01;31m[K::[m[KIMUEuler::ConstSharedPtr status)
      |                                        [01;31m[K^~[m[K
[01m[K/home/wook/ros2/ros2_ws/src/autonomy_stack_diablo_setup/src/base_autonomy/local_planner/src/pathFollower.cpp:234:40:[m[K [01;31m[Kerror: [m[Kexpected â€˜[01m[K)[m[Kâ€™ before â€˜[01m[K::[m[Kâ€™ token
  234 | void imuHandler[34m[K([m[Kconst ception_msgs::msg[01;31m[K:[m[K[32m[K:[m[KIMUEuler::ConstSharedPtr status)
      |                [34m[K~[m[K                       [01;31m[K^[m[K[32m[K~[m[K
      |                                        [32m[K)[m[K
[01m[K/home/wook/ros2/ros2_ws/src/autonomy_stack_diablo_setup/src/base_autonomy/local_planner/src/pathFollower.cpp:234:40:[m[K [01;31m[Kerror: [m[Kexpected initializer before â€˜[01m[K::[m[Kâ€™ token
  234 | void imuHandler(const ception_msgs::msg[01;31m[K::[m[KIMUEuler::ConstSharedPtr status)
      |                                        [01;31m[K^~[m[K
[01m[K/home/wook/ros2/ros2_ws/src/autonomy_stack_diablo_setup/src/base_autonomy/local_planner/src/pathFollower.cpp:[m[K In function â€˜[01m[Kint main(int, char**)[m[Kâ€™:
[01m[K/home/wook/ros2/ros2_ws/src/autonomy_stack_diablo_setup/src/base_autonomy/local_planner/src/pathFollower.cpp:335:3:[m[K [01;31m[Kerror: [m[Kâ€˜[01m[Kctrl_msg[m[Kâ€™ was not declared in this scope
  335 |   [01;31m[Kctrl_msg[m[K.value.forward = 0;
      |   [01;31m[K^~~~~~~~[m[K
[01m[K/home/wook/ros2/ros2_ws/src/autonomy_stack_diablo_setup/src/base_autonomy/local_planner/src/pathFollower.cpp:432:47:[m[K [01;35m[Kwarning: [m[Ksuggest parentheses around â€˜[01m[K&&[m[Kâ€™ within â€˜[01m[K||[m[Kâ€™ [[01;35m[K]8;;https://gcc.gnu.org/onlinedocs/gcc/Warning-Options.html#index-Wparentheses-Wparentheses]8;;[m[K]
  432 |       if ([01;35m[KodomTime < slowInitTime + slowTime1 && slowInitTime > 0[m[K || slowDown == 1) joySpeed3 *= slowRate1;
      |           [01;35m[K~~~~~~~~~~~~~~~~~~~~~~~~~~~~~~~~~~~~^~~~~~~~~~~~~~~~~~~[m[K
[01m[K/home/wook/ros2/ros2_ws/src/autonomy_stack_diablo_setup/src/base_autonomy/local_planner/src/pathFollower.cpp:433:64:[m[K [01;35m[Kwarning: [m[Ksuggest parentheses around â€˜[01m[K&&[m[Kâ€™ within â€˜[01m[K||[m[Kâ€™ [[01;35m[K]8;;https://gcc.gnu.org/onlinedocs/gcc/Warning-Options.html#index-Wparentheses-Wparentheses]8;;[m[K]
  433 |       else if ([01;35m[KodomTime < slowInitTime + slowTime1 + slowTime2 && slowInitTime > 0[m[K || slowDown == 2) joySpeed3 *= slowRate2;
      |                [01;35m[K~~~~~~~~~~~~~~~~~~~~~~~~~~~~~~~~~~~~~~~~~~~~~~~~^~~~~~~~~~~~~~~~~~~[m[K
[01m[K/home/wook/ros2/ros2_ws/src/autonomy_stack_diablo_setup/src/base_autonomy/local_planner/src/pathFollower.cpp:355:7:[m[K [01;35m[Kwarning: [m[Kunused variable â€˜[01m[KctrlInitFrameCount[m[Kâ€™ [[01;35m[K]8;;https://gcc.gnu.org/onlinedocs/gcc/Warning-Options.html#index-Wunused-variable-Wunused-variable]8;;[m[K]
  355 |   int [01;35m[KctrlInitFrameCount[m[K = 150;
      |       [01;35m[K^~~~~~~~~~~~~~~~~~[m[K
gmake[2]: *** [CMakeFiles/pathFollower.dir/build.make:76: CMakeFiles/pathFollower.dir/src/pathFollower.cpp.o] Error 1
gmake[1]: *** [CMakeFiles/Makefile2:165: CMakeFiles/pathFollower.dir/all] Error 2
gmake: *** [Makefile:146: all] Error 2
