[0.061s] Invoking command in '/home/wook/ros2/ros2_ws/build/arise_slam_mid360_msgs': CMAKE_PREFIX_PATH=/opt/ros/humble /usr/bin/cmake /home/wook/ros2/ros2_ws/src/autonomy_stack_diablo_setup/src/slam/arise_slam_mid360_msgs -DCMAKE_INSTALL_PREFIX=/home/wook/ros2/ros2_ws/install/arise_slam_mid360_msgs
[0.246s] -- Found ament_cmake: 1.3.11 (/opt/ros/humble/share/ament_cmake/cmake)
[0.247s] -- Override CMake install command with custom implementation using symlinks instead of copying resources
[0.247s] -- Found builtin_interfaces: 1.2.1 (/opt/ros/humble/share/builtin_interfaces/cmake)
[0.247s] -- Found rosidl_generator_c: 3.1.6 (/opt/ros/humble/share/rosidl_generator_c/cmake)
[0.247s] -- Found rosidl_adapter: 3.1.6 (/opt/ros/humble/share/rosidl_adapter/cmake)
[0.247s] -- Found rosidl_generator_cpp: 3.1.6 (/opt/ros/humble/share/rosidl_generator_cpp/cmake)
[0.247s] -- Using all available rosidl_typesupport_c: rosidl_typesupport_fastrtps_c;rosidl_typesupport_introspection_c
[0.249s] -- Using all available rosidl_typesupport_cpp: rosidl_typesupport_fastrtps_cpp;rosidl_typesupport_introspection_cpp
[0.249s] -- Found rosidl_default_generators: 1.2.0 (/opt/ros/humble/share/rosidl_default_generators/cmake)
[0.249s] -- Found std_msgs: 4.9.0 (/opt/ros/humble/share/std_msgs/cmake)
[0.249s] -- Found geometry_msgs: 4.9.0 (/opt/ros/humble/share/geometry_msgs/cmake)
[0.249s] -- Found nav_msgs: 4.9.0 (/opt/ros/humble/share/nav_msgs/cmake)
[0.250s] -- Found sensor_msgs: 4.9.0 (/opt/ros/humble/share/sensor_msgs/cmake)
[0.458s] -- Found ament_cmake_cppcheck: 0.12.12 (/opt/ros/humble/share/ament_cmake_cppcheck/cmake)
[0.458s] -- Found ament_cmake_cpplint: 0.12.12 (/opt/ros/humble/share/ament_cmake_cpplint/cmake)
[0.459s] -- Found ament_cmake_uncrustify: 0.12.12 (/opt/ros/humble/share/ament_cmake_uncrustify/cmake)
[0.460s] -- Found ament_cmake_ros: 0.10.0 (/opt/ros/humble/share/ament_cmake_ros/cmake)
[0.811s] -- Using all available rosidl_typesupport_c: rosidl_typesupport_fastrtps_c;rosidl_typesupport_introspection_c
[0.991s] -- Using all available rosidl_typesupport_cpp: rosidl_typesupport_fastrtps_cpp;rosidl_typesupport_introspection_cpp
[1.019s] -- Found python_cmake_module: 0.10.0 (/opt/ros/humble/share/python_cmake_module/cmake)
[1.041s] -- Using PYTHON_EXECUTABLE: /usr/bin/python3
[1.041s] -- Using PYTHON_INCLUDE_DIRS: /usr/include/python3.10
[1.041s] -- Using PYTHON_LIBRARIES: /usr/lib/x86_64-linux-gnu/libpython3.10.so
[1.082s] -- Found ament_cmake_flake8: 0.12.12 (/opt/ros/humble/share/ament_cmake_flake8/cmake)
[1.085s] -- Found ament_cmake_pep257: 0.12.12 (/opt/ros/humble/share/ament_cmake_pep257/cmake)
[1.085s] -- Found ament_lint_auto: 0.12.12 (/opt/ros/humble/share/ament_lint_auto/cmake)
[1.093s] -- Added test 'copyright' to check source files copyright and LICENSE
[1.094s] -- Added test 'lint_cmake' to check CMake code style
[1.094s] -- Added test 'xmllint' to check XML markup files
[1.098s] -- Configuring done
[1.137s] -- Generating done
[1.150s] -- Build files have been written to: /home/wook/ros2/ros2_ws/build/arise_slam_mid360_msgs
[1.169s] Invoked command in '/home/wook/ros2/ros2_ws/build/arise_slam_mid360_msgs' returned '0': CMAKE_PREFIX_PATH=/opt/ros/humble /usr/bin/cmake /home/wook/ros2/ros2_ws/src/autonomy_stack_diablo_setup/src/slam/arise_slam_mid360_msgs -DCMAKE_INSTALL_PREFIX=/home/wook/ros2/ros2_ws/install/arise_slam_mid360_msgs
[1.170s] Invoking command in '/home/wook/ros2/ros2_ws/build/arise_slam_mid360_msgs': CMAKE_PREFIX_PATH=/opt/ros/humble /usr/bin/cmake --build /home/wook/ros2/ros2_ws/build/arise_slam_mid360_msgs -- -j32 -l32
[1.213s] [35m[1mConsolidate compiler generated dependencies of target arise_slam_mid360_msgs__rosidl_generator_c[0m
[1.224s] failed to create symbolic link '/home/wook/ros2/ros2_ws/build/arise_slam_mid360_msgs/ament_cmake_python/arise_slam_mid360_msgs/arise_slam_mid360_msgs' because existing path cannot be removed: Is a directory
[1.224s] gmake[2]: *** [CMakeFiles/ament_cmake_python_symlink_arise_slam_mid360_msgs.dir/build.make:70: CMakeFiles/ament_cmake_python_symlink_arise_slam_mid360_msgs] Error 1
[1.225s] gmake[1]: *** [CMakeFiles/Makefile2:421: CMakeFiles/ament_cmake_python_symlink_arise_slam_mid360_msgs.dir/all] Error 2
[1.225s] gmake[1]: *** Waiting for unfinished jobs....
[1.225s] [  2%] Built target arise_slam_mid360_msgs__cpp
[1.226s] [ 12%] Built target arise_slam_mid360_msgs__rosidl_generator_c
[1.227s] gmake: *** [Makefile:146: all] Error 2
[1.230s] Invoked command in '/home/wook/ros2/ros2_ws/build/arise_slam_mid360_msgs' returned '2': CMAKE_PREFIX_PATH=/opt/ros/humble /usr/bin/cmake --build /home/wook/ros2/ros2_ws/build/arise_slam_mid360_msgs -- -j32 -l32
